<?xml version="1.0" encoding="UTF-8"?>
<testsuite name="voice.features.folderPicker.selectType.SelectFolderTypeViewModelTest" tests="1" skipped="0" failures="0" errors="0" timestamp="2026-05-30T12:56:06.645Z" hostname="Accions-MacBook-Air.local" time="5.553">
  <properties/>
  <testcase name="test" classname="voice.features.folderPicker.selectType.SelectFolderTypeViewModelTest" time="5.337"/>
  <system-out><![CDATA[]]></system-out>
  <system-err><![CDATA[WARNING: A Java agent has been loaded dynamically (/Users/accionpraise/.gradle/caches/modules-2/files-2.1/net.bytebuddy/byte-buddy-agent/1.18.2/62f38a6faf7f069d661b79a07d566f504b0b20c4/byte-buddy-agent-1.18.2.jar)
WARNING: If a serviceability tool is in use, please run with -XX:+EnableDynamicAgentLoading to hide this warning
WARNING: If a serviceability tool is not in use, please run with -Djdk.instrument.traceUsage for more information
WARNING: Dynamic loading of agents will be disallowed by default in a future release
]]></system-err>
</testsuite>
