<?xml version="1.0" encoding="UTF-8"?>
<testsuite name="voice.core.sleeptimer.IsTimeInRangeTest" tests="3" skipped="0" failures="0" errors="0" timestamp="2026-05-30T06:15:27.670Z" hostname="Accions-MacBook-Air.local" time="0.238">
  <properties/>
  <testcase name="startAndEndOnSameDay" classname="voice.core.sleeptimer.IsTimeInRangeTest" time="0.233"/>
  <testcase name="rangeWrapsAroundMidnight" classname="voice.core.sleeptimer.IsTimeInRangeTest" time="0.0"/>
  <testcase name="invalidRange" classname="voice.core.sleeptimer.IsTimeInRangeTest" time="0.0"/>
  <system-out><![CDATA[]]></system-out>
  <system-err><![CDATA[]]></system-err>
</testsuite>
