<?xml version="1.0" encoding="UTF-8"?>
<testsuite name="voice.features.playbackScreen.batteryOptimization.BatteryOptimizationTest" tests="2" skipped="0" failures="0" errors="0" timestamp="2026-05-30T06:16:42.293Z" hostname="Accions-MacBook-Air.local" time="0.179">
  <properties/>
  <testcase name="requests at most three times" classname="voice.features.playbackScreen.batteryOptimization.BatteryOptimizationTest" time="0.164"/>
  <testcase name="does not request when optimizations are ignored" classname="voice.features.playbackScreen.batteryOptimization.BatteryOptimizationTest" time="0.005"/>
  <system-out><![CDATA[]]></system-out>
  <system-err><![CDATA[]]></system-err>
</testsuite>
