<?xml version="1.0" encoding="UTF-8"?>
<testsuite name="voice.features.playbackScreen.BookPlayViewModelTest" tests="8" skipped="0" failures="0" errors="0" timestamp="2026-05-30T06:16:42.185Z" hostname="Accions-MacBook-Air.local" time="2.246">
  <properties/>
  <testcase name="viewState falls back to manager play state when live playback is unavailable" classname="voice.features.playbackScreen.BookPlayViewModelTest" time="2.099"/>
  <testcase name="onCurrentChapterClickShowsDialogWithCorrectState" classname="voice.features.playbackScreen.BookPlayViewModelTest" time="0.028"/>
  <testcase name="viewState prefers live playback state when feature flag is enabled" classname="voice.features.playbackScreen.BookPlayViewModelTest" time="0.025"/>
  <testcase name="overlay prefers live controller position" classname="voice.features.playbackScreen.BookPlayViewModelTest" time="0.012"/>
  <testcase name="sleepTimerSettingFixedValue" classname="voice.features.playbackScreen.BookPlayViewModelTest" time="0.02"/>
  <testcase name="sleepTimerValueChanging" classname="voice.features.playbackScreen.BookPlayViewModelTest" time="0.018"/>
  <testcase name="deactivateSleepTimer" classname="voice.features.playbackScreen.BookPlayViewModelTest" time="0.015"/>
  <testcase name="onChapterClickSetsPositionAndDismissesDialog" classname="voice.features.playbackScreen.BookPlayViewModelTest" time="0.017"/>
  <system-out><![CDATA[]]></system-out>
  <system-err><![CDATA[WARNING: A Java agent has been loaded dynamically (/Users/accionpraise/.gradle/caches/modules-2/files-2.1/net.bytebuddy/byte-buddy-agent/1.18.2/62f38a6faf7f069d661b79a07d566f504b0b20c4/byte-buddy-agent-1.18.2.jar)
WARNING: If a serviceability tool is in use, please run with -XX:+EnableDynamicAgentLoading to hide this warning
WARNING: If a serviceability tool is not in use, please run with -Djdk.instrument.traceUsage for more information
WARNING: Dynamic loading of agents will be disallowed by default in a future release
]]></system-err>
</testsuite>
